<?xml version="1.0" encoding="UTF-8"?>
<coverage generated="1653017556644" clover="3.2.0">
  <project timestamp="1653017556644" name="All files">
    <metrics statements="13" coveredstatements="12" conditionals="2" coveredconditionals="1" methods="7" coveredmethods="6" elements="22" coveredelements="19" complexity="0" loc="13" ncloc="13" packages="2" files="3" classes="3"/>
    <package name="components.Questions">
      <metrics statements="4" coveredstatements="3" conditionals="0" coveredconditionals="0" methods="3" coveredmethods="2"/>
      <file name="QuestionPopup.jsx" path="/Users/danielweiner/Documents/hackReactor/senior/Fec/client/src/components/Questions/QuestionPopup.jsx">
        <metrics statements="4" coveredstatements="3" conditionals="0" coveredconditionals="0" methods="3" coveredmethods="2"/>
        <line num="6" count="1" type="stmt"/>
        <line num="7" count="1" type="stmt"/>
        <line num="13" count="0" type="stmt"/>
        <line num="17" count="1" type="stmt"/>
      </file>
    </package>
    <package name="relatedItems">
      <metrics statements="9" coveredstatements="9" conditionals="2" coveredconditionals="1" methods="4" coveredmethods="4"/>
      <file name="Card.jsx" path="/Users/danielweiner/Documents/hackReactor/senior/Fec/client/src/relatedItems/Card.jsx">
        <metrics statements="2" coveredstatements="2" conditionals="2" coveredconditionals="1" methods="1" coveredmethods="1"/>
        <line num="6" count="1" type="stmt"/>
        <line num="7" count="4" type="stmt"/>
      </file>
      <file name="StarRating.jsx" path="/Users/danielweiner/Documents/hackReactor/senior/Fec/client/src/relatedItems/StarRating.jsx">
        <metrics statements="7" coveredstatements="7" conditionals="0" coveredconditionals="0" methods="3" coveredmethods="3"/>
        <line num="7" count="1" type="stmt"/>
        <line num="8" count="1" type="stmt"/>
        <line num="15" count="1" type="stmt"/>
        <line num="16" count="1" type="stmt"/>
        <line num="17" count="1" type="stmt"/>
        <line num="25" count="2" type="stmt"/>
        <line num="29" count="2" type="stmt"/>
      </file>
    </package>
  </project>
</coverage>
