{"/Users/caixiuqi/SEI/Fec/client/src/index.jsx": {"path":"/Users/caixiuqi/SEI/Fec/client/src/index.jsx","statementMap":{"0":{"start":{"line":7,"column":4},"end":{"line":7,"column":17}},"1":{"start":{"line":8,"column":4},"end":{"line":10,"column":5}},"2":{"start":{"line":13,"column":4},"end":{"line":17,"column":5}},"3":{"start":{"line":21,"column":18},"end":{"line":21,"column":81}},"4":{"start":{"line":22,"column":13},"end":{"line":22,"column":34}},"5":{"start":{"line":23,"column":0},"end":{"line":23,"column":21}}},"fnMap":{"0":{"name":"(anonymous_0)","decl":{"start":{"line":6,"column":2},"end":{"line":6,"column":3}},"loc":{"start":{"line":6,"column":21},"end":{"line":11,"column":3}},"line":6},"1":{"name":"(anonymous_1)","decl":{"start":{"line":12,"column":2},"end":{"line":12,"column":3}},"loc":{"start":{"line":12,"column":11},"end":{"line":18,"column":3}},"line":12}},"branchMap":{"0":{"loc":{"start":{"line":21,"column":18},"end":{"line":21,"column":81}},"type":"binary-expr","locations":[{"start":{"line":21,"column":18},"end":{"line":21,"column":48}},{"start":{"line":21,"column":52},"end":{"line":21,"column":81}}],"line":21}},"s":{"0":1,"1":1,"2":1,"3":1,"4":1,"5":1},"f":{"0":1,"1":1},"b":{"0":[1,1]},"_coverageSchema":"1a1c01bbd47fc00a2c39e90264f33305004495a9","hash":"5f51f893149ce6b16193dc33c3d767c3f7ca17ea"}
}
