TN:
SF:client/src/index.jsx
FN:8,(anonymous_0)
FN:17,(anonymous_1)
FN:20,(anonymous_2)
FN:30,(anonymous_3)
FNF:4
FNH:2
FNDA:2,(anonymous_0)
FNDA:0,(anonymous_1)
FNDA:0,(anonymous_2)
FNDA:2,(anonymous_3)
DA:9,2
DA:10,2
DA:18,0
DA:21,0
DA:31,2
DA:32,2
DA:44,2
DA:45,2
DA:46,2
LF:9
LH:7
BRDA:44,0,0,2
BRDA:44,0,1,2
BRF:2
BRH:2
end_of_record
TN:
SF:client/src/components/Questions/AnswerList.jsx
FN:9,(anonymous_0)
FN:18,(anonymous_1)
FN:21,(anonymous_2)
FNF:3
FNH:3
FNDA:4,(anonymous_0)
FNDA:4,(anonymous_1)
FNDA:12,(anonymous_2)
DA:10,4
DA:11,4
DA:19,4
DA:22,12
LF:4
LH:4
BRF:0
BRH:0
end_of_record
TN:
SF:client/src/components/Questions/AnswerView.jsx
FN:8,(anonymous_0)
FN:17,(anonymous_1)
FNF:2
FNH:2
FNDA:12,(anonymous_0)
FNDA:12,(anonymous_1)
DA:9,12
DA:10,12
DA:18,12
LF:3
LH:3
BRF:0
BRH:0
end_of_record
TN:
SF:client/src/components/Questions/QuestionList.jsx
FN:9,(anonymous_0)
FN:16,(anonymous_1)
FN:19,(anonymous_2)
FNF:3
FNH:3
FNDA:2,(anonymous_0)
FNDA:2,(anonymous_1)
FNDA:4,(anonymous_2)
DA:10,2
DA:11,2
DA:17,2
DA:20,4
LF:4
LH:4
BRF:0
BRH:0
end_of_record
TN:
SF:client/src/components/Questions/QuestionView.jsx
FN:8,(anonymous_0)
FN:17,(anonymous_1)
FNF:2
FNH:2
FNDA:4,(anonymous_0)
FNDA:4,(anonymous_1)
DA:9,4
DA:10,4
DA:18,4
LF:3
LH:3
BRF:0
BRH:0
end_of_record
TN:
SF:client/src/components/Questions/Questions.jsx
FN:10,(anonymous_0)
FN:18,(anonymous_1)
FN:21,(anonymous_2)
FN:26,(anonymous_3)
FN:32,(anonymous_4)
FNF:5
FNH:2
FNDA:2,(anonymous_0)
FNDA:0,(anonymous_1)
FNDA:0,(anonymous_2)
FNDA:0,(anonymous_3)
FNDA:2,(anonymous_4)
DA:11,2
DA:12,2
DA:19,0
DA:22,0
DA:27,0
DA:33,2
LF:6
LH:3
BRF:0
BRH:0
end_of_record
TN:
SF:client/src/components/Questions/Search.jsx
FN:8,(anonymous_0)
FN:15,(anonymous_1)
FN:19,(anonymous_2)
FN:25,(anonymous_3)
FNF:4
FNH:2
FNDA:2,(anonymous_0)
FNDA:0,(anonymous_1)
FNDA:0,(anonymous_2)
FNDA:2,(anonymous_3)
DA:9,2
DA:10,2
DA:16,0
DA:20,0
DA:26,2
LF:5
LH:3
BRF:0
BRH:0
end_of_record
TN:
SF:client/src/examples/productList-example.js
FNF:0
FNH:0
DA:1,2
LF:1
LH:1
BRF:0
BRH:0
end_of_record
TN:
SF:client/src/examples/questionList-example.js
FNF:0
FNH:0
DA:1,2
LF:1
LH:1
BRF:0
BRH:0
end_of_record
