TN:
SF:client/src/components/Questions/QuestionPopup.jsx
FN:5,(anonymous_0)
FN:12,(anonymous_1)
FN:16,(anonymous_2)
FNF:3
FNH:2
FNDA:1,(anonymous_0)
FNDA:0,(anonymous_1)
FNDA:1,(anonymous_2)
DA:6,1
DA:7,1
DA:13,0
DA:17,1
LF:4
LH:3
BRF:0
BRH:0
end_of_record
TN:
SF:client/src/relatedItems/Card.jsx
FN:6,(anonymous_0)
FNF:1
FNH:1
FNDA:4,(anonymous_0)
DA:6,1
DA:7,4
LF:2
LH:2
BRDA:9,0,0,4
BRDA:9,0,1,0
BRF:2
BRH:1
end_of_record
TN:
SF:client/src/relatedItems/StarRating.jsx
FN:6,(anonymous_0)
FN:14,(anonymous_1)
FN:24,(anonymous_2)
FNF:3
FNH:3
FNDA:1,(anonymous_0)
FNDA:1,(anonymous_1)
FNDA:2,(anonymous_2)
DA:7,1
DA:8,1
DA:15,1
DA:16,1
DA:17,1
DA:25,2
DA:29,2
LF:7
LH:7
BRF:0
BRH:0
end_of_record
